ERROR LOG - IMPORT_INACTIVE_MEMBERS
Timestamp: 2025-09-06_20-10-34
CSV File: data/2025_09_02/cleaned/current_dead.csv
================================================================================

ERROR #1
File: current_dead.csv
Row: 3
Error: Missing member_type
Row Data:
  member_id: 
  first_name: Art
  last_name: Adagan
  member_type: 
  home_address: 1507 Leeward Dr.
  home_city: San Jose
  home_state: CA
  home_zip: 95122
  home_phone: (408) 509-6843
  email: aarty01@gmail.com
  milestone_date: 2012-03-18
  date_joined: 2012-03-29
  expiration_date: 2012-07-30
--------------------------------------------------

ERROR #2
File: current_dead.csv
Row: 92
Error: Missing member_type
Row Data:
  member_id: 109
  first_name: Carlos
  last_name: Benard
  member_type: 
  home_address: 
  home_city: San Jose
  home_state: CA
  home_zip: 
  home_phone: 
  email: 
  milestone_date: 
  date_joined: 2024-12-03
  expiration_date: 2025-01-31
--------------------------------------------------

DUPLICATE #1
File: current_dead.csv
Row: 190
Duplicate: Member already exists: Victor Castaneda
Row Data:
  member_id: 
  first_name: Victor
  last_name: Castaneda
  member_type: Regular
  home_address: 1248 N. 2nd St.
  home_city: San Jose
  home_state: CA
  home_zip: 95122
  home_phone: (408) 914-0058
  email: 
  milestone_date: 2012-07-04
  date_joined: 2012-07-05
  expiration_date: 2012-08-30
----------------------------------------

DUPLICATE #2
File: current_dead.csv
Row: 266
Duplicate: Member already exists: Rodney De Jesus
Row Data:
  member_id: 194
  first_name: Rodney
  last_name: De Jesus
  member_type: Fixed/Income
  home_address: 953 Las Palmas Dr.
  home_city: Santa Clara
  home_state: CA
  home_zip: 95051
  home_phone: (669) 770-5257
  email: rodney.dejesus@gmail.com
  milestone_date: 2020-08-17
  date_joined: 2022-07-05
  expiration_date: 2022-07-31
----------------------------------------

DUPLICATE #3
File: current_dead.csv
Row: 274
Duplicate: Member already exists: Ryan Deanda
Row Data:
  member_id: 183
  first_name: Ryan
  last_name: Deanda
  member_type: Fixed/Income
  home_address: 1404 Carnelian Dr.Apt 4
  home_city: San Jose
  home_state: CA
  home_zip: 95122
  home_phone: (408) 648-5720
  email: 
  milestone_date: 2021-10-02
  date_joined: 2021-10-11
  expiration_date: 2021-10-31
----------------------------------------

DUPLICATE #4
File: current_dead.csv
Row: 285
Duplicate: Member already exists: Noemi Deleon
Row Data:
  member_id: 231
  first_name: Noemi
  last_name: Deleon
  member_type: Couple
  home_address: 1096 Sally St
  home_city: Holister
  home_state: CA
  home_zip: 95023
  home_phone: (831) 664-5695
  email: mimmy.sammy24@gmail.com
  milestone_date: 2024-04-14
  date_joined: 2024-07-31
  expiration_date: 2024-08-31
----------------------------------------

ERROR #3
File: current_dead.csv
Row: 371
Error: Missing member_type
Row Data:
  member_id: 
  first_name: Dominique
  last_name: Field
  member_type: 
  home_address: 
  home_city: 
  home_state: 
  home_zip: 
  home_phone: (916) 256-5217
  email: 
  milestone_date: 
  date_joined: 2013-09-01
  expiration_date: 2013-09-30
--------------------------------------------------

ERROR #4
File: current_dead.csv
Row: 378
Error: Missing member_type
Row Data:
  member_id: 166
  first_name: Connie
  last_name: Fischer
  member_type: 
  home_address: 165 Blossom Hill Rd.
  home_city: San Jose
  home_state: CA
  home_zip: 95123
  home_phone: (408) 841-1765
  email: luvmy1jman7@gmail.com
  milestone_date: 2010-03-05
  date_joined: 2016-03-29
  expiration_date: 2016-04-30
--------------------------------------------------

ERROR #5
File: current_dead.csv
Row: 382
Error: Invalid or missing date_joined
Row Data:
  member_id: 129
  first_name: Juanita
  last_name: Fletcher
  member_type: Fixed/Income
  home_address: 2778 Hostetter Rd.
  home_city: San Jose
  home_state: CA
  home_zip: 95132
  home_phone: (669) 261-3787
  email: fletcherjuan@gmail.com
  milestone_date: 2022-12-01
  date_joined: 
  expiration_date: 2023-04-30
--------------------------------------------------

ERROR #6
File: current_dead.csv
Row: 399
Error: Missing member_type
Row Data:
  member_id: 
  first_name: Rigo
  last_name: Gallardo
  member_type: 
  home_address: 14321 Clayton Rd
  home_city: San Jose
  home_state: CA
  home_zip: 95127
  home_phone: (408) 439-6383
  email: gallardorigo@yahoo.com
  milestone_date: 2011-11-29
  date_joined: 2012-03-22
  expiration_date: 2012-04-30
--------------------------------------------------

DUPLICATE #5
File: current_dead.csv
Row: 410
Duplicate: Member already exists: Melody Garcia
Row Data:
  member_id: 440
  first_name: Melody
  last_name: Garcia
  member_type: Regular
  home_address: 1520 Mt.Frazier
  home_city: San Jose
  home_state: CA
  home_zip: 95127
  home_phone: (408) 771-3721
  email: meldaisy@hotmail.com
  milestone_date: 
  date_joined: 2019-05-26
  expiration_date: 2023-02-28
----------------------------------------

DUPLICATE #6
File: current_dead.csv
Row: 427
Duplicate: Member already exists: Chuck Glasper
Row Data:
  member_id: 40
  first_name: Chuck
  last_name: Glasper
  member_type: Fixed/Income
  home_address: 3325 Cold Water Dr.
  home_city: San Jose
  home_state: CA
  home_zip: 95148
  home_phone: (408) 512-7755
  email: ceglasper63@gmail.com
  milestone_date: 2017-07-03
  date_joined: 2022-05-20
  expiration_date: 2022-07-31
----------------------------------------

ERROR #7
File: current_dead.csv
Row: 507
Error: Missing member_type
Row Data:
  member_id: 
  first_name: Chuck
  last_name: Hertwig
  member_type: 
  home_address: 684 N. 15TH St.
  home_city: San Jose
  home_state: CA
  home_zip: 95122
  home_phone: (408) 799-5182
  email: chuckhwelding@yahoo.com
  milestone_date: 1992-03-02
  date_joined: 2012-07-04
  expiration_date: 2012-09-30
--------------------------------------------------

ERROR #8
File: current_dead.csv
Row: 517
Error: Missing member_type
Row Data:
  member_id: 157
  first_name: Jan
  last_name: Hodgkin
  member_type: 
  home_address: P.O.Box
  home_city: San Jose
  home_state: CA
  home_zip: 95158
  home_phone: 
  email: 
  milestone_date: 2013-09-07
  date_joined: 2015-12-04
  expiration_date: 2015-12-31
--------------------------------------------------

DUPLICATE #7
File: current_dead.csv
Row: 537
Duplicate: Member already exists: Sarah Ignaut
Row Data:
  member_id: 60
  first_name: Sarah
  last_name: Ignaut
  member_type: Fixed/Income
  home_address: 
  home_city: San Jose
  home_state: CA
  home_zip: 
  home_phone: (408) 857-5284
  email: ignautsarah@gmail.com
  milestone_date: 
  date_joined: 2016-07-23
  expiration_date: 2017-01-31
----------------------------------------

DUPLICATE #8
File: current_dead.csv
Row: 554
Duplicate: Member already exists: Garry Johnson
Row Data:
  member_id: 16
  first_name: Garry
  last_name: Johnson
  member_type: Regular
  home_address: 380 S., 20th St
  home_city: San Jose
  home_state: CA
  home_zip: 95116
  home_phone: (808) 225-7765
  email: nursegarry@hotmail.com
  milestone_date: 1994-09-18
  date_joined: 2023-09-09
  expiration_date: 2024-09-30
----------------------------------------

DUPLICATE #9
File: current_dead.csv
Row: 602
Duplicate: Member already exists: Greg Laffen
Row Data:
  member_id: 235
  first_name: Greg
  last_name: Laffen
  member_type: Senior
  home_address: 16330 Matilja   Ave
  home_city: Los gatos
  home_state: CA
  home_zip: 95030
  home_phone: (408) 313-2134
  email: 
  milestone_date: 1989-04-09
  date_joined: 2024-03-16
  expiration_date: 2024-12-31
----------------------------------------

ERROR #9
File: current_dead.csv
Row: 629
Error: Missing member_type
Row Data:
  member_id: 
  first_name: Gary
  last_name: Licon
  member_type: 
  home_address: 3210 Amaro lane
  home_city: San Jose
  home_state: CA
  home_zip: 95135
  home_phone: (714) 394-1342
  email: glicon044@yahoo.com
  milestone_date: 2012-01-30
  date_joined: 2012-03-01
  expiration_date: 2012-05-30
--------------------------------------------------

ERROR #10
File: current_dead.csv
Row: 663
Error: Missing member_type
Row Data:
  member_id: 273
  first_name: James
  last_name: Maccaubin
  member_type: 
  home_address: Vista Montana Apt 2426
  home_city: San Jose
  home_state: CA
  home_zip: 95134
  home_phone: 
  email: cre8iveca@gmail.com
  milestone_date: 
  date_joined: 2016-01-14
  expiration_date: 2016-03-31
--------------------------------------------------

ERROR #11
File: current_dead.csv
Row: 672
Error: Missing member_type
Row Data:
  member_id: 26
  first_name: Richard
  last_name: Magdelano
  member_type: 
  home_address: 
  home_city: San Jose
  home_state: CA
  home_zip: 
  home_phone: 
  email: 
  milestone_date: 
  date_joined: 
  expiration_date: 2023-06-30
--------------------------------------------------

DUPLICATE #10
File: current_dead.csv
Row: 689
Duplicate: Member already exists: Brianna Martinez
Row Data:
  member_id: 13
  first_name: Brianna
  last_name: Martinez
  member_type: Fixed/Income
  home_address: 
  home_city: San Jose
  home_state: CA
  home_zip: 
  home_phone: (408) 854-1110
  email: brianna.martinez94@icloud.com
  milestone_date: 2022-01-09
  date_joined: 2022-02-03
  expiration_date: 2022-04-30
----------------------------------------

DUPLICATE #11
File: current_dead.csv
Row: 700
Duplicate: Member already exists: Lupe Martinez
Row Data:
  member_id: 8
  first_name: Lupe
  last_name: Martinez
  member_type: Fixed/Income
  home_address: 611 Hermes Ct.
  home_city: San Jose
  home_state: CA
  home_zip: 95111
  home_phone: (408) 401-2607
  email: jaykeira7@gmail.com
  milestone_date: 2020-06-27
  date_joined: 2020-06-27
  expiration_date: 2022-03-31
----------------------------------------

ERROR #12
File: current_dead.csv
Row: 754
Error: Missing member_type
Row Data:
  member_id: 
  first_name: Steve
  last_name: Miramontes
  member_type: 
  home_address: 1682 Liverpool Ave
  home_city: San Jose
  home_state: CA
  home_zip: 95124
  home_phone: (408) 823-5267
  email: 
  milestone_date: 
  date_joined: 2012-03-19
  expiration_date: 2012-06-30
--------------------------------------------------

DUPLICATE #12
File: current_dead.csv
Row: 856
Duplicate: Member already exists: Roberto Palomo
Row Data:
  member_id: 0
  first_name: Roberto
  last_name: Palomo
  member_type: Regular
  home_address: 4400 The Woods Dr.  #1402
  home_city: San Jose
  home_state: CA
  home_zip: 95136
  home_phone: (408) 802-2504
  email: rpalomo80@gmail.com
  milestone_date: 
  date_joined: 
  expiration_date: 2025-05-31
----------------------------------------

ERROR #13
File: current_dead.csv
Row: 927
Error: Member type 'Reinstate' not found
Row Data:
  member_id: 648
  first_name: John
  last_name: Quezada
  member_type: Reinstate
  home_address: 5344 Montery Hwy #1
  home_city: San Jose
  home_state: CA
  home_zip: 95111
  home_phone: 
  email: quezada_72@yahoo.com
  milestone_date: 2019-11-02
  date_joined: 2019-11-29
  expiration_date: 2023-01-31
--------------------------------------------------

DUPLICATE #13
File: current_dead.csv
Row: 960
Duplicate: Member already exists: Linda Reber
Row Data:
  member_id: 2
  first_name: Linda
  last_name: Reber
  member_type: FarAway Friends
  home_address: 18882 Eisenhower st.
  home_city: Salins
  home_state: CA
  home_zip: 93906
  home_phone: 
  email: 
  milestone_date: 2011-02-27
  date_joined: 2018-02-07
  expiration_date: 2018-02-28
----------------------------------------

ERROR #14
File: current_dead.csv
Row: 986
Error: Missing member_type
Row Data:
  member_id: 
  first_name: Yansi
  last_name: Ritchie
  member_type: 
  home_address: 3355 Americos Dr.
  home_city: San Jose
  home_state: CA
  home_zip: 95148
  home_phone: (408) 799-8190
  email: yansirictchie@yahoo .com
  milestone_date: 2011-11-28
  date_joined: 2013-11-28
  expiration_date: 2013-11-30
--------------------------------------------------

ERROR #15
File: current_dead.csv
Row: 998
Error: Missing member_type
Row Data:
  member_id: 56
  first_name: Alfredo
  last_name: Robles
  member_type: 
  home_address: 918 N. 4Th St.
  home_city: San Jose
  home_state: CA
  home_zip: 95112
  home_phone: (408) 770-0124
  email: freddyrobles1974@gmail.com
  milestone_date: 2016-02-22
  date_joined: 2016-07-25
  expiration_date: 2016-08-30
--------------------------------------------------

ERROR #16
File: current_dead.csv
Row: 1001
Error: Member type 'Reinstate' not found
Row Data:
  member_id: 511
  first_name: Daniel
  last_name: Rodabugh
  member_type: Reinstate
  home_address: 1348 Martin Ave
  home_city: San Jose
  home_state: CA
  home_zip: 95126
  home_phone: (408) 449-6006
  email: rodabaughdan@comcast.net
  milestone_date: 2010-04-17
  date_joined: 2018-12-17
  expiration_date: 2019-01-31
--------------------------------------------------

DUPLICATE #14
File: current_dead.csv
Row: 1023
Duplicate: Member already exists: Lisa Romero
Row Data:
  member_id: 267
  first_name: Lisa
  last_name: Romero
  member_type: Fixed/Income
  home_address: 152 Knightshaven way
  home_city: San Jose
  home_state: CA
  home_zip: 95111
  home_phone: (408) 829-0484
  email: lisaromero99@gmail.com
  milestone_date: 1999-07-15
  date_joined: 2025-01-17
  expiration_date: 2025-01-31
----------------------------------------

DUPLICATE #15
File: current_dead.csv
Row: 1044
Duplicate: Member already exists: Daniel Ruiz
Row Data:
  member_id: 236
  first_name: Daniel
  last_name: Ruiz
  member_type: Fixed/Income
  home_address: 3369 Leigh Ave
  home_city: San Jose
  home_state: CA
  home_zip: 95124
  home_phone: (408) 561-0843
  email: druiz1111@yahoo.com
  milestone_date: 2008-04-14
  date_joined: 2015-12-21
  expiration_date: 2017-05-31
----------------------------------------

ERROR #17
File: current_dead.csv
Row: 1049
Error: Invalid or missing date_joined
Row Data:
  member_id: 345
  first_name: Randy
  last_name: Rutter
  member_type: Fixed/Income
  home_address: 4075 Hobart ave
  home_city: San Jose
  home_state: CA
  home_zip: 95127
  home_phone: (408) 217-4565
  email: randyrutter@sbcglonol.net
  milestone_date: 2015-01-21
  date_joined: 
  expiration_date: 2016-03-31
--------------------------------------------------

ERROR #18
File: current_dead.csv
Row: 1062
Error: Missing member_type
Row Data:
  member_id: 
  first_name: Joan
  last_name: Saldivar
  member_type: 
  home_address: 4679 Monmartre Park Ct.
  home_city: Fremont
  home_state: CA
  home_zip: 94538
  home_phone: (510) 657-1479
  email: 
  milestone_date: 2012-09-16
  date_joined: 2012-09-19
  expiration_date: 2012-09-30
--------------------------------------------------

ERROR #19
File: current_dead.csv
Row: 1100
Error: Invalid or missing date_joined
Row Data:
  member_id: 142
  first_name: Sukeert
  last_name: Shanker
  member_type: Regular
  home_address: 
  home_city: San Jose
  home_state: CA
  home_zip: 
  home_phone: 
  email: sukeert.shanker@gmail.com
  milestone_date: 
  date_joined: 
  expiration_date: 2023-08-31
--------------------------------------------------

DUPLICATE #16
File: current_dead.csv
Row: 1116
Duplicate: Member already exists: Nancy Silva
Row Data:
  member_id: 180
  first_name: Nancy
  last_name: Silva
  member_type: Fixed/Income
  home_address: 5770 Preston Dr. #B
  home_city: San Jose
  home_state: CA
  home_zip: 95124
  home_phone: (669) 245-1606
  email: great.white.15183@gmail.com
  milestone_date: 2025-02-12
  date_joined: 2025-04-03
  expiration_date: 2025-04-30
----------------------------------------

DUPLICATE #17
File: current_dead.csv
Row: 1124
Duplicate: Member already exists: April Smith
Row Data:
  member_id: 184
  first_name: April
  last_name: Smith
  member_type: Senior
  home_address: 126 George St.
  home_city: San Jose
  home_state: CA
  home_zip: 95110
  home_phone: (559) 777-1487
  email: aprilcreagercic@yahoo.com
  milestone_date: 1998-06-24
  date_joined: 2024-10-28
  expiration_date: 2025-01-31
----------------------------------------

DUPLICATE #18
File: current_dead.csv
Row: 1170
Duplicate: Member already exists: Nick Tanabe
Row Data:
  member_id: 23
  first_name: Nick
  last_name: Tanabe
  member_type: Fixed/Income
  home_address: 975 Boyton Ave.  #36
  home_city: San Jose
  home_state: CA
  home_zip: 95117
  home_phone: (408) 316-6365
  email: n1615t@gmail.com
  milestone_date: 2019-08-18
  date_joined: 2024-09-16
  expiration_date: 2025-04-30
----------------------------------------

ERROR #20
File: current_dead.csv
Row: 1183
Error: Missing member_type
Row Data:
  member_id: 
  first_name: Paul M
  last_name: Taylor
  member_type: 
  home_address: P.O. Box 107
  home_city: Alviso
  home_state: CA
  home_zip: 95002
  home_phone: (650) 669-4508
  email: 
  milestone_date: 2012-03-19
  date_joined: 2012-06-21
  expiration_date: 2012-08-30
--------------------------------------------------

DUPLICATE #19
File: current_dead.csv
Row: 1233
Duplicate: Member already exists: Jerry Vasquez
Row Data:
  member_id: 256
  first_name: Jerry
  last_name: Vasquez
  member_type: Senior
  home_address: P.O. Box 22028
  home_city: San Jose
  home_state: CA
  home_zip: 95151
  home_phone: (408) 797-5502
  email: jerryvasquez299@gmail.com
  milestone_date: 1991-02-15
  date_joined: 2022-01-08
  expiration_date: 2024-10-31
----------------------------------------

ERROR #21
File: current_dead.csv
Row: 1235
Error: Missing member_type
Row Data:
  member_id: 120
  first_name: Oscar
  last_name: Vasquez
  member_type: 
  home_address: 1236 Peach Circle
  home_city: San Jose
  home_state: CA
  home_zip: 95116
  home_phone: (281) 908-0575
  email: 
  milestone_date: 
  date_joined: 2016-07-30
  expiration_date: 2016-08-30
--------------------------------------------------

ERROR #22
File: current_dead.csv
Row: 1238
Error: Member type 'Reinstate' not found
Row Data:
  member_id: 8
  first_name: Ben
  last_name: Vera
  member_type: Reinstate
  home_address: 3242 Moreno Ave
  home_city: San Jose
  home_state: CA
  home_zip: 95127
  home_phone: 
  email: mr.vera81benjamin@gmail.com
  milestone_date: 2016-08-12
  date_joined: 2022-11-17
  expiration_date: 2022-12-31
--------------------------------------------------

ERROR #23
File: current_dead.csv
Row: 1247
Error: Missing member_type
Row Data:
  member_id: 252
  first_name: Salvador
  last_name: Villalbos
  member_type: 
  home_address: 1055 N. Capitol Ave Apt 71
  home_city: San Jose
  home_state: CA
  home_zip: 95133
  home_phone: 
  email: 
  milestone_date: 2013-09-18
  date_joined: 2015-12-05
  expiration_date: 2016-02-29
--------------------------------------------------

DUPLICATE #20
File: current_dead.csv
Row: 1289
Duplicate: Member already exists: Sue Whiteside
Row Data:
  member_id: 258
  first_name: Sue
  last_name: Whiteside
  member_type: Fixed/Income
  home_address: 5305 Pebbletree Way
  home_city: San Jose
  home_state: CA
  home_zip: 95111
  home_phone: (408) 687-1794
  email: susan.whiteside3@gmail.com
  milestone_date: 2007-02-09
  date_joined: 2009-12-13
  expiration_date: 2015-12-31
----------------------------------------

ERROR #24
File: current_dead.csv
Row: 1300
Error: Missing member_type
Row Data:
  member_id: 
  first_name: Sally
  last_name: Wilson
  member_type: 
  home_address: 5515 Felter Rd.
  home_city: San Jose
  home_state: CA
  home_zip: 95132
  home_phone: 
  email: sallywilson9@sbcglobal.net
  milestone_date: 1999-04-18
  date_joined: 2013-03-27
  expiration_date: 2013-04-30
--------------------------------------------------

