SUCCESS LOG - IMPORT_PAYMENT_METHODS
Timestamp: 2025-09-06_20-10-12
CSV File: data/2025_09_02/cleaned/current_payment_methods.csv
================================================================================

SUCCESS #1
File: current_payment_methods.csv
Row: 2
Result: Created payment method: Other
Created: Other
------------------------------

SUCCESS #2
File: current_payment_methods.csv
Row: 3
Result: Created payment method: Cash
Created: Cash
------------------------------

SUCCESS #3
File: current_payment_methods.csv
Row: 4
Result: Created payment method: Check
Created: Check
------------------------------

SUCCESS #4
File: current_payment_methods.csv
Row: 5
Result: Created payment method: Life
Created: Life
------------------------------

SUCCESS #5
File: current_payment_methods.csv
Row: 6
Result: Created payment method: Work
Created: Work
------------------------------

SUCCESS #6
File: current_payment_methods.csv
Row: 7
Result: Created payment method: Board Elect
Created: Board Elect
------------------------------

SUCCESS #7
File: current_payment_methods.csv
Row: 8
Result: Created payment method: Partial Payment
Created: Partial Payment
------------------------------

SUCCESS #8
File: current_payment_methods.csv
Row: 9
Result: Created payment method: Venmo
Created: Venmo
------------------------------

SUCCESS #9
File: current_payment_methods.csv
Row: 10
Result: Created payment method: PayPal
Created: PayPal
------------------------------

SUCCESS #10
File: current_payment_methods.csv
Row: 11
Result: Created payment method: Zelle
Created: Zelle
------------------------------

