ERROR LOG - IMPORT_ACTIVE_MEMBERS
Timestamp: 2025-09-06_20-10-24
CSV File: data/2025_09_02/cleaned/current_members.csv
================================================================================

ERROR #1
File: current_members.csv
Row: 14
Error: Invalid or missing date_joined
Row Data:
  member_id: 13
  first_name: Joe
  last_name: Valencia
  member_type: Senior
  home_address: 290 N. Valencia St.
  home_city: San Jose
  home_state: CA
  home_zip: 
  home_phone: 
  email: 
  date_joined: 
  milestone_date: 
  expiration_date: 2025-09-30
--------------------------------------------------

ERROR #2
File: current_members.csv
Row: 118
Error: Invalid or missing expiration_date
Row Data:
  member_id: 119
  first_name: Kiki
  last_name: Martinez
  member_type: Fixed/Income
  home_address: 1877 Midfield Ave Apt #1
  home_city: San Jose
  home_state: CA
  home_zip: 95122
  home_phone: (408) 661-6036
  email: antoniofm75@gmail.com
  date_joined: 2009-11-01
  milestone_date: 2008-07-22
  expiration_date: 
--------------------------------------------------

ERROR #3
File: current_members.csv
Row: 183
Error: Invalid or missing date_joined
Row Data:
  member_id: 185
  first_name: Kiven
  last_name: Christine
  member_type: Regular
  home_address: 
  home_city: San Jose
  home_state: CA
  home_zip: 
  home_phone: 
  email: 
  date_joined: 
  milestone_date: 
  expiration_date: 2026-01-31
--------------------------------------------------

