ERROR LOG - IMPORT_PAYMENTS
Timestamp: 2025-09-06_20-13-26
CSV File: data/2025_09_02/cleaned/current_payments.csv
================================================================================

SKIPPED #1
File: current_payments.csv
Row: 19
Reason: Missing payment_amount or payment_date
Row Data:
  member_id: 9
  first_name: Richard
  last_name: Lider
  member_type: Regular
  home_address: 2779 Ophelia Ave
  home_city: San  Jose
  home_state: Ca
  home_zip: 95122-    
  home_phone: (408) 315-6406
  email: ricklider@cs.com
  milestone_date: 2012-01-15
  date_joined: 2023-03-14
  mobile_phone: 
  expiration_date: 2025-05-31
  payment_amount: 50.0
  payment_date: 
  payment_method: Check
  receipt_number: 2222.0
----------------------------------------

SKIPPED #2
File: current_payments.csv
Row: 125
Reason: Missing payment_amount or payment_date
Row Data:
  member_id: 58
  first_name: William
  last_name: Lawrence
  member_type: Life
  home_address: 44 S. 7th St. #5
  home_city: San Jose
  home_state: Ca
  home_zip: 95112-    
  home_phone: (408) 726-6228
  email: quotelawrence@gmail.com
  milestone_date: 1989-01-01
  date_joined: 2006-10-23
  mobile_phone: 
  expiration_date: 2035-01-31
  payment_amount: -1000.0
  payment_date: 
  payment_method: Other
  receipt_number: 2222222.0
----------------------------------------

DUPLICATE #1
File: current_payments.csv
Row: 144
Duplicate: Payment already exists: $30.0 on 2025-08-02 for Daniel Marquez
Row Data:
  member_id: 64
  first_name: Daniel
  last_name: Marquez
  member_type: Regular
  home_address: 6940 Bose Ln.
  home_city: San Jose
  home_state: Ca
  home_zip: 95120-    
  home_phone: (650) 770-3947
  email: Dannyatthesally@gmail.com
  milestone_date: 2018-06-22
  date_joined: 2024-01-27
  mobile_phone: 
  expiration_date: 2025-09-30
  payment_amount: 30.0
  payment_date: 2025-08-02
  payment_method: Cash
  receipt_number: 595944.0
----------------------------------------

ERROR #1
File: current_payments.csv
Row: 272
Error: Member not found - ID: 119, Name: Kiki Martinez
Row Data:
  member_id: 119
  first_name: Kiki
  last_name: Martinez
  member_type: Fixed/Income
  home_address: 1877 Midfield Ave Apt #1
  home_city: San Jose
  home_state: Ca
  home_zip: 95122-2350
  home_phone: (408) 661-6036
  email: antoniofm75@gmail.com
  milestone_date: 2008-07-22
  date_joined: 2009-11-01
  mobile_phone: 
  expiration_date: 
  payment_amount: 150.0
  payment_date: 2021-05-06
  payment_method: Work
  receipt_number: 2222222.0
--------------------------------------------------

ERROR #2
File: current_payments.csv
Row: 273
Error: Member not found - ID: 119, Name: Kiki Martinez
Row Data:
  member_id: 119
  first_name: Kiki
  last_name: Martinez
  member_type: Fixed/Income
  home_address: 1877 Midfield Ave Apt #1
  home_city: San Jose
  home_state: Ca
  home_zip: 95122-2350
  home_phone: (408) 661-6036
  email: antoniofm75@gmail.com
  milestone_date: 2008-07-22
  date_joined: 2009-11-01
  mobile_phone: 
  expiration_date: 
  payment_amount: 150.0
  payment_date: 2019-02-12
  payment_method: Work
  receipt_number: 2222.0
--------------------------------------------------

ERROR #3
File: current_payments.csv
Row: 421
Error: Member not found - ID: 185, Name: Kiven Christine
Row Data:
  member_id: 185
  first_name: Kiven
  last_name: Christine
  member_type: 
  home_address: 
  home_city: San Jose
  home_state: Ca
  home_zip: 
  home_phone: 
  email: 
  milestone_date: 
  date_joined: 
  mobile_phone: 
  expiration_date: 2026-01-31
  payment_amount: 100.0
  payment_date: 2024-02-03
  payment_method: Cash
  receipt_number: 594752.0
--------------------------------------------------

ERROR #4
File: current_payments.csv
Row: 422
Error: Member not found - ID: 185, Name: Kiven Christine
Row Data:
  member_id: 185
  first_name: Kiven
  last_name: Christine
  member_type: 
  home_address: 
  home_city: San Jose
  home_state: Ca
  home_zip: 
  home_phone: 
  email: 
  milestone_date: 
  date_joined: 
  mobile_phone: 
  expiration_date: 2026-01-31
  payment_amount: 125.0
  payment_date: 2023-02-13
  payment_method: Cash
  receipt_number: 592979.0
--------------------------------------------------

ERROR #5
File: current_payments.csv
Row: 423
Error: Member not found - ID: 185, Name: Kiven Christine
Row Data:
  member_id: 185
  first_name: Kiven
  last_name: Christine
  member_type: 
  home_address: 
  home_city: San Jose
  home_state: Ca
  home_zip: 
  home_phone: 
  email: 
  milestone_date: 
  date_joined: 
  mobile_phone: 
  expiration_date: 2026-01-31
  payment_amount: 25.0
  payment_date: 2023-08-07
  payment_method: Cash
  receipt_number: 593447.0
--------------------------------------------------

ERROR #6
File: current_payments.csv
Row: 424
Error: Member not found - ID: 185, Name: Kiven Christine
Row Data:
  member_id: 185
  first_name: Kiven
  last_name: Christine
  member_type: 
  home_address: 
  home_city: San Jose
  home_state: Ca
  home_zip: 
  home_phone: 
  email: 
  milestone_date: 
  date_joined: 
  mobile_phone: 
  expiration_date: 2026-01-31
  payment_amount: 100.0
  payment_date: 2025-08-09
  payment_method: Cash
  receipt_number: 595974.0
--------------------------------------------------

